<?xml version="1.0" encoding="UTF-8"?>
<!-- Generated by org.testng.reporters.JUnitReportReporter -->
<testsuite hostname="LAPTOP-VB5L9G7P" failures="0" tests="1" name="orangeHRMTests.EmployeeTest" time="14.524" errors="0" timestamp="2025-09-10T10:50:15 IST" skipped="0">
  <testcase classname="orangeHRMTests.EmployeeTest" name="editEmployeeDetails" time="14.524"/>
</testsuite> <!-- orangeHRMTests.EmployeeTest -->
