<?xml version="1.0" encoding="UTF-8"?>
<!-- Generated by org.testng.reporters.JUnitReportReporter -->
<testsuite hostname="LAPTOP-VB5L9G7P" failures="0" tests="1" name="orangeHRMTests.InvalidEmployeeSearchTest" time="13.298" errors="0" timestamp="2025-09-10T14:31:59 IST" skipped="0">
  <testcase classname="orangeHRMTests.InvalidEmployeeSearchTest" name="employeeSearch" time="13.298"/>
</testsuite> <!-- orangeHRMTests.InvalidEmployeeSearchTest -->
