<?xml version="1.0" encoding="UTF-8"?>
<!-- Generated by org.testng.reporters.JUnitReportReporter -->
<testsuite hostname="LAPTOP-VB5L9G7P" failures="0" tests="1" name="OrangeHRM.orangehrm.selenium.TimeSheetSubmission" time="20.242" errors="0" timestamp="2025-09-09T21:36:36 IST" skipped="0">
  <testcase classname="OrangeHRM.orangehrm.selenium.TimeSheetSubmission" name="submitTimesheet" time="20.242"/>
</testsuite> <!-- OrangeHRM.orangehrm.selenium.TimeSheetSubmission -->
